<?xml version="1.0" encoding="UTF-8"?>
<!-- Generated by org.testng.reporters.JUnitXMLReporter -->
<testsuite ignored="0" hostname="nitesh-PC" failures="0" tests="1" name="Default test" time="0.115" errors="0" timestamp="2022-05-23T15:41:53 IST">
  <testcase classname="testPack1510.testHRM20" name="@BeforeTest browserOpening" time="-1.653300712986E9">
    <failure type="org.testng.TestNGException" message="
Parameter &amp;apos;browser&amp;apos; is required by BeforeTest on method browserOpening but has not been marked @Optional or defined
in C:\Users\nitesh\AppData\Local\Temp\testng-eclipse--458336240\testng-customsuite.xml">
      <![CDATA[org.testng.TestNGException: 
Parameter 'browser' is required by BeforeTest on method browserOpening but has not been marked @Optional or defined
in C:\Users\nitesh\AppData\Local\Temp\testng-eclipse--458336240\testng-customsuite.xml
at org.testng.internal.Parameters.createParams(Parameters.java:270)
at org.testng.internal.Parameters.createParametersForMethod(Parameters.java:358)
at org.testng.internal.Parameters.createParameters(Parameters.java:700)
at org.testng.internal.Parameters.createConfigurationParameters(Parameters.java:168)
at org.testng.internal.ConfigInvoker.invokeConfigurations(ConfigInvoker.java:302)
at org.testng.TestRunner.invokeTestConfigurations(TestRunner.java:637)
at org.testng.TestRunner.beforeRun(TestRunner.java:627)
at org.testng.TestRunner.run(TestRunner.java:589)
at org.testng.SuiteRunner.runTest(SuiteRunner.java:377)
at org.testng.SuiteRunner.runSequentially(SuiteRunner.java:371)
at org.testng.SuiteRunner.privateRun(SuiteRunner.java:332)
at org.testng.SuiteRunner.run(SuiteRunner.java:276)
at org.testng.SuiteRunnerWorker.runSuite(SuiteRunnerWorker.java:53)
at org.testng.SuiteRunnerWorker.run(SuiteRunnerWorker.java:96)
at org.testng.TestNG.runSuitesSequentially(TestNG.java:1212)
at org.testng.TestNG.runSuitesLocally(TestNG.java:1134)
at org.testng.TestNG.runSuites(TestNG.java:1063)
at org.testng.TestNG.run(TestNG.java:1031)
at org.testng.remote.AbstractRemoteTestNG.run(AbstractRemoteTestNG.java:115)
at org.testng.remote.RemoteTestNG.initAndRun(RemoteTestNG.java:251)
at org.testng.remote.RemoteTestNG.main(RemoteTestNG.java:77)
]]>
    </failure>
  </testcase> <!-- @BeforeTest browserOpening -->
  <testcase classname="testPack1510.testHRM20" name="@BeforeClass launchTheBrowser" time="-1.653300713035E9">
    <skipped/>
  </testcase> <!-- @BeforeClass launchTheBrowser -->
  <testcase classname="testPack1510.testHRM20" name="@BeforeMethod LoginToHrm" time="-1.653300713058E9">
    <skipped/>
  </testcase> <!-- @BeforeMethod LoginToHrm -->
  <testcase classname="testPack1510.testHRM20" name="@AfterMethod LogOut" time="-1.653300713074E9">
    <skipped/>
  </testcase> <!-- @AfterMethod LogOut -->
  <testcase classname="testPack1510.testHRM20" name="@AfterClass ClearPOMobjects" time="-1.653300713084E9">
    <skipped/>
  </testcase> <!-- @AfterClass ClearPOMobjects -->
  <testcase classname="testPack1510.testHRM20" name="@AfterTest closeTheBrowser" time="-1.65330071309E9">
    <skipped/>
  </testcase> <!-- @AfterTest closeTheBrowser -->
  <testcase classname="testPack1510.testHRM20" name="print" time="0.0">
    <skipped/>
  </testcase> <!-- print -->
</testsuite> <!-- Default test -->
