<?xml version="1.0" encoding="UTF-8"?>
<!-- Generated by org.testng.reporters.JUnitXMLReporter -->
<testsuite ignored="0" hostname="nitesh-PC" failures="0" tests="4" name="TestParallel2" time="0.258" errors="0" timestamp="2022-05-23T15:08:36 IST">
  <testcase classname="testPack1510.testHRM20" name="@BeforeTest browserOpening" time="0.067">
    <failure type="java.lang.IllegalStateException" message="The path to the driver executable must be set by the webdriver.gecko.driver system property; for more information, see https://github.com/mozilla/geckodriver. The latest version can be downloaded from https://github.com/mozilla/geckodriver/releases">
      <![CDATA[java.lang.IllegalStateException: The path to the driver executable must be set by the webdriver.gecko.driver system property; for more information, see https://github.com/mozilla/geckodriver. The latest version can be downloaded from https://github.com/mozilla/geckodriver/releases
at com.google.common.base.Preconditions.checkState(Preconditions.java:847)
at org.openqa.selenium.remote.service.DriverService.findExecutable(DriverService.java:134)
at org.openqa.selenium.firefox.GeckoDriverService.access$100(GeckoDriverService.java:44)
at org.openqa.selenium.firefox.GeckoDriverService$Builder.findDefaultExecutable(GeckoDriverService.java:167)
at org.openqa.selenium.remote.service.DriverService$Builder.build(DriverService.java:355)
at org.openqa.selenium.firefox.FirefoxDriver.toExecutor(FirefoxDriver.java:190)
at org.openqa.selenium.firefox.FirefoxDriver.<init>(FirefoxDriver.java:147)
at org.openqa.selenium.firefox.FirefoxDriver.<init>(FirefoxDriver.java:125)
at crossBrowserSetting.Base.openFireFoxBrowser(Base.java:19)
at testPack1510.testHRM20.browserOpening(testHRM20.java:37)
... Removed 24 stack frames]]>
    </failure>
  </testcase> <!-- @BeforeTest browserOpening -->
  <testcase classname="testPack1510.testHRM20" name="@BeforeClass launchTheBrowser" time="-1.65329871664E9">
    <skipped/>
  </testcase> <!-- @BeforeClass launchTheBrowser -->
  <testcase classname="testPack1510.testHRM20" name="@BeforeMethod LoginToHrm" time="-1.653298716649E9">
    <skipped/>
  </testcase> <!-- @BeforeMethod LoginToHrm -->
  <testcase classname="testPack1510.testHRM20" name="@AfterMethod LogOut" time="-1.653298716671E9">
    <skipped/>
  </testcase> <!-- @AfterMethod LogOut -->
  <testcase classname="testPack1510.TestNG_RunProg" name="@BeforeClass beforeClass" time="-1.653298716663E9">
    <skipped/>
  </testcase> <!-- @BeforeClass beforeClass -->
  <testcase classname="testPack1510.testHRM20" name="@AfterClass ClearPOMobjects" time="-1.653298716682E9">
    <skipped/>
  </testcase> <!-- @AfterClass ClearPOMobjects -->
  <testcase classname="testPack1510.TestNG_RunProg" name="@BeforeMethod beforeMethod" time="-1.653298716689E9">
    <skipped/>
  </testcase> <!-- @BeforeMethod beforeMethod -->
  <testcase classname="testPack1510.TestNG_RunProg" name="@AfterMethod afterMethod" time="-1.653298716709E9">
    <skipped/>
  </testcase> <!-- @AfterMethod afterMethod -->
  <testcase classname="testPack1510.TestNG_RunProg" name="@BeforeMethod beforeMethod" time="-1.653298716718E9">
    <skipped/>
  </testcase> <!-- @BeforeMethod beforeMethod -->
  <testcase classname="testPack1510.TestNG_RunProg" name="@AfterMethod afterMethod" time="-1.653298716735E9">
    <skipped/>
  </testcase> <!-- @AfterMethod afterMethod -->
  <testcase classname="testPack1510.TestNG_RunProg" name="@BeforeMethod beforeMethod" time="-1.653298716742E9">
    <skipped/>
  </testcase> <!-- @BeforeMethod beforeMethod -->
  <testcase classname="testPack1510.TestNG_RunProg" name="@AfterMethod afterMethod" time="-1.653298716761E9">
    <skipped/>
  </testcase> <!-- @AfterMethod afterMethod -->
  <testcase classname="testPack1510.TestNG_RunProg" name="@AfterClass afterClass" time="-1.653298716769E9">
    <skipped/>
  </testcase> <!-- @AfterClass afterClass -->
  <testcase classname="testPack1510.TestNG_RunProg" name="@AfterTest aftertest" time="-1.653298716784E9">
    <skipped/>
  </testcase> <!-- @AfterTest aftertest -->
  <testcase classname="testPack1510.testHRM20" name="@AfterTest closeTheBrowser" time="-1.653298716791E9">
    <skipped/>
  </testcase> <!-- @AfterTest closeTheBrowser -->
  <testcase classname="testPack1510.testHRM20" name="print" time="0.0">
    <skipped/>
  </testcase> <!-- print -->
  <testcase classname="testPack1510.TestNG_RunProg" name="testA" time="0.0">
    <skipped/>
  </testcase> <!-- testA -->
  <testcase classname="testPack1510.TestNG_RunProg" name="testB" time="0.0">
    <skipped/>
  </testcase> <!-- testB -->
  <testcase classname="testPack1510.TestNG_RunProg" name="testC" time="0.0">
    <skipped/>
  </testcase> <!-- testC -->
</testsuite> <!-- TestParallel2 -->
